04/12/16 12:23:41 PM|error loadView general|events_front_end/list_events/modules/events_front_end/view|response400
04/12/16 12:23:41 PM|error loadView general|events_front_end/list_events|response400
04/12/16 12:30:00 PM|error loadView general|events_front_end/list_events/modules/events_front_end/view|response400
04/12/16 12:30:00 PM|error loadView general|events_front_end/list_events|response400
04/12/16 12:30:03 PM|error loadView general|events_front_end/list_events/modules/events_front_end/view|response400
04/12/16 12:30:03 PM|error loadView general|events_front_end/list_events|response400
04/12/16 12:30:15 PM|error loadView general|events_front_end/list_events/modules/events_front_end/view|response400
04/12/16 12:30:15 PM|error loadView general|events_front_end/list_events|response400
04/12/16 12:30:16 PM|error loadView general|events_front_end/list_events/modules/events_front_end/view|response400
04/12/16 12:30:16 PM|error loadView general|events_front_end/list_events|response400
04/12/16 12:30:18 PM|error loadView general|events_front_end/list_events/modules/events_front_end/view|response400
04/12/16 12:30:18 PM|error loadView general|events_front_end/list_events|response400
04/12/16 12:30:20 PM|error loadView general|events_front_end/list_events/modules/events_front_end/view|response400
04/12/16 12:30:20 PM|error loadView general|events_front_end/list_events|response400
04/12/16 12:30:20 PM|error loadView general|events_front_end/list_events/modules/events_front_end/view|response400
04/12/16 12:30:20 PM|error loadView general|events_front_end/list_events|response400
04/12/16 12:30:21 PM|error loadView general|events_front_end/list_events/modules/events_front_end/view|response400
04/12/16 12:30:21 PM|error loadView general|events_front_end/list_events|response400
04/12/16 12:30:21 PM|error loadView general|events_front_end/list_events/modules/events_front_end/view|response400
04/12/16 12:30:21 PM|error loadView general|events_front_end/list_events|response400
04/12/16 12:30:21 PM|error loadView general|events_front_end/list_events/modules/events_front_end/view|response400
04/12/16 12:30:21 PM|error loadView general|events_front_end/list_events|response400
04/12/16 12:30:22 PM|error loadView general|events_front_end/list_events/modules/events_front_end/view|response400
04/12/16 12:30:22 PM|error loadView general|events_front_end/list_events|response400
04/12/16 12:30:22 PM|error loadView general|events_front_end/list_events/modules/events_front_end/view|response400
04/12/16 12:30:22 PM|error loadView general|events_front_end/list_events|response400
04/12/16 12:30:22 PM|error loadView general|events_front_end/list_events/modules/events_front_end/view|response400
04/12/16 12:30:22 PM|error loadView general|events_front_end/list_events|response400
04/12/16 12:30:22 PM|error loadView general|events_front_end/list_events/modules/events_front_end/view|response400
04/12/16 12:30:22 PM|error loadView general|events_front_end/list_events|response400
04/12/16 12:30:23 PM|error loadView general|events_front_end/list_events/modules/events_front_end/view|response400
04/12/16 12:30:23 PM|error loadView general|events_front_end/list_events|response400
04/12/16 12:30:23 PM|error loadView general|events_front_end/list_events/modules/events_front_end/view|response400
04/12/16 12:30:23 PM|error loadView general|events_front_end/list_events|response400
04/12/16 12:30:23 PM|error loadView general|events_front_end/list_events/modules/events_front_end/view|response400
04/12/16 12:30:23 PM|error loadView general|events_front_end/list_events|response400
04/12/16 12:30:24 PM|error loadView general|events_front_end/list_events/modules/events_front_end/view|response400
04/12/16 12:30:24 PM|error loadView general|events_front_end/list_events|response400
04/12/16 12:30:24 PM|error loadView general|events_front_end/list_events/modules/events_front_end/view|response400
04/12/16 12:30:24 PM|error loadView general|events_front_end/list_events|response400
04/12/16 12:30:24 PM|error loadView general|events_front_end/list_events/modules/events_front_end/view|response400
04/12/16 12:30:24 PM|error loadView general|events_front_end/list_events|response400
04/12/16 12:30:25 PM|error loadView general|events_front_end/list_events/modules/events_front_end/view|response400
04/12/16 12:30:25 PM|error loadView general|events_front_end/list_events|response400
04/12/16 12:30:25 PM|error loadView general|events_front_end/list_events/modules/events_front_end/view|response400
04/12/16 12:30:25 PM|error loadView general|events_front_end/list_events|response400
04/12/16 12:30:25 PM|error loadView general|events_front_end/list_events/modules/events_front_end/view|response400
04/12/16 12:30:25 PM|error loadView general|events_front_end/list_events|response400
04/12/16 12:30:28 PM|error loadView general|events_front_end/list_events/modules/events_front_end/view|response400
04/12/16 12:30:28 PM|error loadView general|events_front_end/list_events|response400
04/12/16 12:30:29 PM|error loadView general|events_front_end/list_events/modules/events_front_end/view|response400
04/12/16 12:30:29 PM|error loadView general|events_front_end/list_events|response400
04/12/16 12:30:29 PM|error loadView general|events_front_end/list_events|response400
04/12/16 12:30:29 PM|error loadView general|events_front_end/list_events|response400
04/12/16 12:30:59 PM|error loadView general|events_front_end/list_events/modules/events_front_end/view|response400
04/12/16 12:30:59 PM|error loadView general|events_front_end/list_events|response400
04/12/16 12:35:11 PM|error loadView general|events_front_end/list_events/modules/events_front_end/view|response400
04/12/16 12:35:11 PM|error loadView general|events_front_end/list_events|response400
04/12/16 12:38:27 PM|error loadView general|events_front_end/list_events/modules/events_front_end/view|response400
04/12/16 12:38:27 PM|error loadView general|events_front_end/list_events|response400
04/12/16 12:41:56 PM|error loadView general|events_front_end/list_events/modules/events_front_end/view|response400
04/12/16 12:41:56 PM|error loadView general|events_front_end/list_events|response400
04/12/16 12:46:21 PM|error loadView general|events_front_end/list_events/modules/events_front_end/view|response400
04/12/16 12:46:21 PM|error loadView general|events_front_end/list_events|response400
04/12/16 12:47:48 PM|error loadView general|events_front_end/list_events/modules/events_front_end/view|response400
04/12/16 12:47:48 PM|error loadView general|events_front_end/list_events|response400
04/12/16 12:54:40 PM|error loadView general|events_front_end/list_events/modules/events_front_end/view|response400
04/12/16 12:54:40 PM|error loadView general|events_front_end/list_events|response400
04/12/16 01:57:06 PM|error loadView general|events_front_end/list_events/modules/events_front_end/view|response400
04/12/16 01:57:06 PM|error loadView general|events_front_end/list_events|response400
04/12/16 01:57:53 PM|error loadView general|events_front_end/list_events/modules/events_front_end/view|response400
04/12/16 01:57:53 PM|error loadView general|events_front_end/list_events|response400
04/12/16 01:58:15 PM|error loadView general|events_front_end/list_events/modules/events_front_end/view|response400
04/12/16 01:58:15 PM|error loadView general|events_front_end/list_events|response400
04/12/16 04:32:05 PM|error loadView general|events_front_end/list_events/modules/events_front_end/view|response400
04/12/16 04:32:05 PM|error loadView general|events_front_end/list_events|response400
04/12/16 04:32:18 PM|error loadView general|events_front_end/list_events/modules/events_front_end/view|response400
04/12/16 04:32:18 PM|error loadView general|events_front_end/list_events|response400
04/12/16 04:32:20 PM|error loadView general|events_front_end/list_events/modules/events_front_end/view|response400
04/12/16 04:32:20 PM|error loadView general|events_front_end/list_events|response400
04/12/16 04:32:21 PM|error loadView general|events_front_end/list_events/modules/events_front_end/view|response400
04/12/16 04:32:21 PM|error loadView general|events_front_end/list_events|response400
04/12/16 04:32:22 PM|error loadView general|events_front_end/list_events/modules/events_front_end/view|response400
04/12/16 04:32:22 PM|error loadView general|events_front_end/list_events|response400
04/12/16 04:32:23 PM|error loadView general|events_front_end/list_events/modules/events_front_end/view|response400
04/12/16 04:32:23 PM|error loadView general|events_front_end/list_events|response400
04/12/16 04:32:24 PM|error loadView general|events_front_end/list_events/modules/events_front_end/view|response400
04/12/16 04:32:24 PM|error loadView general|events_front_end/list_events|response400
04/12/16 04:32:24 PM|error loadView general|events_front_end/list_events/modules/events_front_end/view|response400
04/12/16 04:32:24 PM|error loadView general|events_front_end/list_events|response400
04/12/16 04:32:25 PM|error loadView general|events_front_end/list_events/modules/events_front_end/view|response400
04/12/16 04:32:25 PM|error loadView general|events_front_end/list_events|response400
04/12/16 04:32:26 PM|error loadView general|events_front_end/list_events/modules/events_front_end/view|response400
04/12/16 04:32:26 PM|error loadView general|events_front_end/list_events|response400
04/12/16 04:32:26 PM|error loadView general|events_front_end/list_events/modules/events_front_end/view|response400
04/12/16 04:32:26 PM|error loadView general|events_front_end/list_events|response400
04/12/16 04:32:27 PM|error loadView general|events_front_end/list_events/modules/events_front_end/view|response400
04/12/16 04:32:27 PM|error loadView general|events_front_end/list_events|response400
04/12/16 04:32:43 PM|error loadView general|events_front_end/list_events/modules/events_front_end/view|response400
04/12/16 04:32:43 PM|error loadView general|events_front_end/list_events|response400
04/12/16 04:33:23 PM|error loadView general|events_front_end/list_events/modules/events_front_end/view|response400
04/12/16 04:33:23 PM|error loadView general|events_front_end/list_events|response400
04/12/16 04:43:38 PM|error loadView general|events_front_end|response400
04/12/16 04:44:33 PM|error loadView general|media|response400
04/12/16 04:44:33 PM|error loadView general|media|response400
04/12/16 04:44:41 PM|error loadView general|Exercise_3|response400
04/12/16 04:45:04 PM|error loadView general|Exercise_3|response400
04/12/16 04:45:08 PM|error loadView general|Exercise_3|response400
04/12/16 05:00:32 PM|error loadView general|events_front_end|response400
04/12/16 05:00:43 PM|error loadView general|events_front_end|response400
04/12/16 05:11:44 PM|error loadView general|events_front_end|response400
