31/10/16 05:29:05 PM|ERROR: [8] Undefined variable: arrValues
Notice on line 126 in file /var/www/html/Exercise_3/modules/events_front_end/controller/controller_fe.class.php
||response200
31/10/16 05:29:16 PM|ERROR: [8] Array to string conversion
Notice on line 24 in file /var/www/html/Exercise_3/tools/tools.inc.php
||response200
31/10/16 05:29:16 PM|ERROR: [8] Array to string conversion
Notice on line 26 in file /var/www/html/Exercise_3/tools/tools.inc.php
||response200
01/11/16 12:23:05 AM|ERROR -503 BD||responde200
01/11/16 12:24:13 AM|ERROR -503 BD||responde200
01/11/16 12:24:15 AM|ERROR -503 BD||responde200
01/11/16 12:27:48 AM|ERROR -503 BD||responde200
01/11/16 12:44:56 AM|ERROR -503 BD||responde200
01/11/16 12:47:22 AM|ERROR -503 BD||responde200
01/11/16 12:55:18 AM|ERROR: [8] Array to string conversion
Notice on line 24 in file /var/www/html/Exercise_3/tools/tools.inc.php
||response200
01/11/16 12:55:18 AM|ERROR: [8] Array to string conversion
Notice on line 26 in file /var/www/html/Exercise_3/tools/tools.inc.php
||response200
06/11/16 01:58:43 AM|ERROR: [8] Undefined variable: criteria
Notice on line 172 in file /var/www/html/Exercise_3/modules/events_front_end/controller/controller_fe.class.php
||response200
06/11/16 01:58:52 AM|ERROR: [8] Undefined variable: criteria
Notice on line 172 in file /var/www/html/Exercise_3/modules/events_front_end/controller/controller_fe.class.php
||response200
06/11/16 01:59:00 AM|ERROR: [8] Undefined variable: criteria
Notice on line 172 in file /var/www/html/Exercise_3/modules/events_front_end/controller/controller_fe.class.php
||response200
06/11/16 02:32:18 AM|ERROR: [8] Undefined variable: criteria
Notice on line 172 in file /var/www/html/Exercise_3/modules/events_front_end/controller/controller_fe.class.php
||response200
06/11/16 02:32:26 AM|ERROR: [8] Undefined variable: criteria
Notice on line 172 in file /var/www/html/Exercise_3/modules/events_front_end/controller/controller_fe.class.php
||response200
06/11/16 02:33:05 AM|ERROR: [8] Undefined variable: criteria
Notice on line 172 in file /var/www/html/Exercise_3/modules/events_front_end/controller/controller_fe.class.php
||response200
06/11/16 02:34:33 AM|ERROR: [8] Undefined variable: criteria
Notice on line 172 in file /var/www/html/Exercise_3/modules/events_front_end/controller/controller_fe.class.php
||response200
06/11/16 02:34:33 AM|ERROR: [8] Undefined property: events_fe_BLL::$bll
Notice on line 60 in file /var/www/html/Exercise_3/modules/events_front_end/model/BLL/events_fe_BLL.class.singleton.php
||response200
06/11/16 02:34:33 AM|ERROR: [8] Undefined property: events_fe_BLL::$bll
Notice on line 52 in file /var/www/html/Exercise_3/modules/events_front_end/model/BLL/events_fe_BLL.class.singleton.php
||response200
06/11/16 02:34:33 AM|ERROR: [8] Undefined property: events_fe_BLL::$bll
Notice on line 64 in file /var/www/html/Exercise_3/modules/events_front_end/model/BLL/events_fe_BLL.class.singleton.php
||response200
06/11/16 02:34:33 AM|ERROR: [8] Undefined property: events_fe_BLL::$bll
Notice on line 64 in file /var/www/html/Exercise_3/modules/events_front_end/model/BLL/events_fe_BLL.class.singleton.php
||response200
06/11/16 02:36:44 AM|ERROR: [8] Undefined variable: criteria
Notice on line 172 in file /var/www/html/Exercise_3/modules/events_front_end/controller/controller_fe.class.php
|events_front_end|response200
06/11/16 02:36:44 AM|ERROR: [8] Undefined property: events_fe_BLL::$bll
Notice on line 52 in file /var/www/html/Exercise_3/modules/events_front_end/model/BLL/events_fe_BLL.class.singleton.php
|events_front_end|response200
06/11/16 02:36:44 AM|ERROR: [8] Undefined property: events_fe_BLL::$bll
Notice on line 60 in file /var/www/html/Exercise_3/modules/events_front_end/model/BLL/events_fe_BLL.class.singleton.php
|events_front_end|response200
06/11/16 02:36:44 AM|ERROR: [8] Undefined property: events_fe_BLL::$bll
Notice on line 64 in file /var/www/html/Exercise_3/modules/events_front_end/model/BLL/events_fe_BLL.class.singleton.php
|events_front_end|response200
06/11/16 02:36:44 AM|ERROR: [8] Undefined property: events_fe_BLL::$bll
Notice on line 64 in file /var/www/html/Exercise_3/modules/events_front_end/model/BLL/events_fe_BLL.class.singleton.php
|events_front_end|response200
06/11/16 02:40:30 AM|ERROR: [8] Undefined variable: criteria
Notice on line 172 in file /var/www/html/Exercise_3/modules/events_front_end/controller/controller_fe.class.php
|events_front_end|response200
06/11/16 09:57:16 AM|ERROR: [8] Undefined variable: criteria
Notice on line 172 in file /var/www/html/Exercise_3/modules/events_front_end/controller/controller_fe.class.php
|events_front_end|response200
06/11/16 10:00:29 AM|ERROR: [8] Undefined variable: criteria
Notice on line 172 in file /var/www/html/Exercise_3/modules/events_front_end/controller/controller_fe.class.php
|events_front_end|response200
06/11/16 10:04:17 AM|ERROR: [8] Undefined variable: criteria
Notice on line 172 in file /var/www/html/Exercise_3/modules/events_front_end/controller/controller_fe.class.php
|events_front_end|response200
06/11/16 10:06:29 AM|ERROR: [8] Undefined variable: criteria
Notice on line 172 in file /var/www/html/Exercise_3/modules/events_front_end/controller/controller_fe.class.php
|events_front_end|response200
06/11/16 10:30:03 AM|ERROR: [8] Undefined variable: criteria
Notice on line 172 in file /var/www/html/Exercise_3/modules/events_front_end/controller/controller_fe.class.php
|events_front_end|response200
06/11/16 10:35:50 AM|ERROR: [8] Undefined variable: criteria
Notice on line 172 in file /var/www/html/Exercise_3/modules/events_front_end/controller/controller_fe.class.php
|events_front_end|response200
06/11/16 10:35:59 AM|ERROR: [8] Undefined variable: arrArgument
Notice on line 117 in file /var/www/html/Exercise_3/modules/events_front_end/controller/controller_fe.class.php
|events_front_end|response200
06/11/16 10:35:59 AM|ERROR -404 NO DATA||responde200
06/11/16 10:37:10 AM|ERROR: [8] Undefined variable: arrArgument
Notice on line 117 in file /var/www/html/Exercise_3/modules/events_front_end/controller/controller_fe.class.php
|events_front_end|response200
06/11/16 10:37:10 AM|ERROR -404 NO DATA||responde200
06/11/16 10:37:16 AM|ERROR: [8] Undefined variable: arrArgument
Notice on line 117 in file /var/www/html/Exercise_3/modules/events_front_end/controller/controller_fe.class.php
|events_front_end|response200
06/11/16 10:37:16 AM|ERROR -404 NO DATA||responde200
06/11/16 10:37:21 AM|ERROR: [8] Undefined variable: arrArgument
Notice on line 117 in file /var/www/html/Exercise_3/modules/events_front_end/controller/controller_fe.class.php
|events_front_end|response200
06/11/16 10:37:21 AM|ERROR -404 NO DATA||responde200
06/11/16 10:53:22 AM|ERROR: [8] Undefined variable: arrArgument
Notice on line 117 in file /var/www/html/Exercise_3/modules/events_front_end/controller/controller_fe.class.php
|events_front_end|response200
06/11/16 10:53:22 AM|ERROR -404 NO DATA||responde200
06/11/16 10:54:08 AM|ERROR: [8] Undefined variable: arrArgument
Notice on line 117 in file /var/www/html/Exercise_3/modules/events_front_end/controller/controller_fe.class.php
|events_front_end|response200
06/11/16 10:54:08 AM|ERROR -404 NO DATA||responde200
06/11/16 10:54:23 AM|ERROR: [8] Undefined variable: arrArgument
Notice on line 117 in file /var/www/html/Exercise_3/modules/events_front_end/controller/controller_fe.class.php
|events_front_end|response200
06/11/16 10:54:23 AM|ERROR -404 NO DATA||responde200
06/11/16 10:54:33 AM|ERROR: [8] Undefined variable: criteria
Notice on line 172 in file /var/www/html/Exercise_3/modules/events_front_end/controller/controller_fe.class.php
|events_front_end|response200
06/11/16 10:54:41 AM|ERROR: [8] Undefined variable: arrArgument
Notice on line 117 in file /var/www/html/Exercise_3/modules/events_front_end/controller/controller_fe.class.php
|events_front_end|response200
06/11/16 10:54:41 AM|ERROR -404 NO DATA||responde200
06/11/16 11:01:47 AM|ERROR: [8] Undefined variable: criteria
Notice on line 172 in file /var/www/html/Exercise_3/modules/events_front_end/controller/controller_fe.class.php
|events_front_end|response200
06/11/16 11:32:02 AM|ERROR: [8] Undefined variable: criteria
Notice on line 172 in file /var/www/html/Exercise_3/modules/events_front_end/controller/controller_fe.class.php
|events_front_end|response200
06/11/16 11:39:47 AM|ERROR: [8] Undefined variable: criteria
Notice on line 172 in file /var/www/html/Exercise_3/modules/events_front_end/controller/controller_fe.class.php
|events_front_end|response200
06/11/16 11:51:23 AM|ERROR: [8] Undefined variable: criteria
Notice on line 174 in file /var/www/html/Exercise_3/modules/events_front_end/controller/controller_fe.class.php
|events_front_end|response200
06/11/16 11:53:01 AM|ERROR: [8] Undefined variable: criteria
Notice on line 174 in file /var/www/html/Exercise_3/modules/events_front_end/controller/controller_fe.class.php
|events_front_end|response200
06/11/16 11:53:01 AM|ERROR: [8] Array to string conversion
Notice on line 24 in file /var/www/html/Exercise_3/tools/tools.inc.php
|events_front_end|response200
06/11/16 11:53:01 AM|ERROR: [8] Array to string conversion
Notice on line 26 in file /var/www/html/Exercise_3/tools/tools.inc.php
|events_front_end|response200
06/11/16 11:53:53 AM|ERROR: [8] Undefined variable: criteria
Notice on line 174 in file /var/www/html/Exercise_3/modules/events_front_end/controller/controller_fe.class.php
|events_front_end|response200
06/11/16 11:53:53 AM|ERROR: [8] Array to string conversion
Notice on line 24 in file /var/www/html/Exercise_3/tools/tools.inc.php
|events_front_end|response200
06/11/16 11:53:53 AM|ERROR: [8] Array to string conversion
Notice on line 26 in file /var/www/html/Exercise_3/tools/tools.inc.php
|events_front_end|response200
06/11/16 11:55:04 AM|ERROR: [8] Undefined variable: criteria
Notice on line 174 in file /var/www/html/Exercise_3/modules/events_front_end/controller/controller_fe.class.php
|events_front_end|response200
06/11/16 11:55:04 AM|ERROR: [8] Array to string conversion
Notice on line 24 in file /var/www/html/Exercise_3/tools/tools.inc.php
|events_front_end|response200
06/11/16 11:55:04 AM|ERROR: [8] Array to string conversion
Notice on line 26 in file /var/www/html/Exercise_3/tools/tools.inc.php
|events_front_end|response200
06/11/16 11:55:17 AM|ERROR: [8] Undefined variable: criteria
Notice on line 174 in file /var/www/html/Exercise_3/modules/events_front_end/controller/controller_fe.class.php
|events_front_end|response200
06/11/16 11:55:17 AM|ERROR: [8] Array to string conversion
Notice on line 24 in file /var/www/html/Exercise_3/tools/tools.inc.php
|events_front_end|response200
06/11/16 11:55:17 AM|ERROR: [8] Array to string conversion
Notice on line 26 in file /var/www/html/Exercise_3/tools/tools.inc.php
|events_front_end|response200
06/11/16 11:56:59 AM|ERROR: [8] Undefined variable: criteria
Notice on line 174 in file /var/www/html/Exercise_3/modules/events_front_end/controller/controller_fe.class.php
|events_front_end|response200
06/11/16 11:56:59 AM|ERROR: [8] Array to string conversion
Notice on line 24 in file /var/www/html/Exercise_3/tools/tools.inc.php
|events_front_end|response200
06/11/16 11:56:59 AM|ERROR: [8] Array to string conversion
Notice on line 26 in file /var/www/html/Exercise_3/tools/tools.inc.php
|events_front_end|response200
06/11/16 11:57:47 AM|ERROR: [8] Undefined variable: criteria
Notice on line 174 in file /var/www/html/Exercise_3/modules/events_front_end/controller/controller_fe.class.php
|events_front_end|response200
06/11/16 11:57:47 AM|ERROR: [8] Array to string conversion
Notice on line 24 in file /var/www/html/Exercise_3/tools/tools.inc.php
|events_front_end|response200
06/11/16 11:57:47 AM|ERROR: [8] Array to string conversion
Notice on line 26 in file /var/www/html/Exercise_3/tools/tools.inc.php
|events_front_end|response200
06/11/16 11:58:17 AM|ERROR: [8] Undefined variable: criteria
Notice on line 174 in file /var/www/html/Exercise_3/modules/events_front_end/controller/controller_fe.class.php
|events_front_end|response200
06/11/16 11:58:17 AM|ERROR: [8] Array to string conversion
Notice on line 24 in file /var/www/html/Exercise_3/tools/tools.inc.php
|events_front_end|response200
06/11/16 11:58:17 AM|ERROR: [8] Array to string conversion
Notice on line 26 in file /var/www/html/Exercise_3/tools/tools.inc.php
|events_front_end|response200
06/11/16 11:59:20 AM|ERROR: [8] Undefined variable: criteria
Notice on line 174 in file /var/www/html/Exercise_3/modules/events_front_end/controller/controller_fe.class.php
|events_front_end|response200
06/11/16 12:09:00 PM|ERROR: [8] Undefined variable: criteria
Notice on line 174 in file /var/www/html/Exercise_3/modules/events_front_end/controller/controller_fe.class.php
|events_front_end|response200
06/11/16 12:09:00 PM|ERROR: [8] Array to string conversion
Notice on line 24 in file /var/www/html/Exercise_3/tools/tools.inc.php
|events_front_end|response200
06/11/16 12:09:00 PM|ERROR: [8] Array to string conversion
Notice on line 26 in file /var/www/html/Exercise_3/tools/tools.inc.php
|events_front_end|response200
06/11/16 12:09:00 PM|ERROR -404 NO DATA||responde200
06/11/16 12:10:31 PM|ERROR: [8] Undefined variable: criteria
Notice on line 174 in file /var/www/html/Exercise_3/modules/events_front_end/controller/controller_fe.class.php
|events_front_end|response200
06/11/16 12:11:44 PM|ERROR: [8] Undefined variable: criteria
Notice on line 174 in file /var/www/html/Exercise_3/modules/events_front_end/controller/controller_fe.class.php
|events_front_end|response200
06/11/16 12:11:54 PM|ERROR: [8] Undefined variable: criteria
Notice on line 174 in file /var/www/html/Exercise_3/modules/events_front_end/controller/controller_fe.class.php
|events_front_end|response200
06/11/16 12:11:58 PM|ERROR: [8] Undefined variable: criteria
Notice on line 174 in file /var/www/html/Exercise_3/modules/events_front_end/controller/controller_fe.class.php
|events_front_end|response200
06/11/16 12:13:10 PM|ERROR: [8] Undefined variable: criteria
Notice on line 174 in file /var/www/html/Exercise_3/modules/events_front_end/controller/controller_fe.class.php
|events_front_end|response200
06/11/16 12:13:28 PM|ERROR: [8] Undefined variable: criteria
Notice on line 174 in file /var/www/html/Exercise_3/modules/events_front_end/controller/controller_fe.class.php
|events_front_end|response200
06/11/16 12:14:52 PM|ERROR: [8] Undefined variable: criteria
Notice on line 174 in file /var/www/html/Exercise_3/modules/events_front_end/controller/controller_fe.class.php
|events_front_end|response200
06/11/16 12:15:17 PM|ERROR: [8] Undefined variable: criteria
Notice on line 174 in file /var/www/html/Exercise_3/modules/events_front_end/controller/controller_fe.class.php
|events_front_end|response200
06/11/16 12:15:54 PM|ERROR: [8] Undefined variable: criteria
Notice on line 174 in file /var/www/html/Exercise_3/modules/events_front_end/controller/controller_fe.class.php
|events_front_end|response200
06/11/16 12:17:12 PM|ERROR: [8] Undefined variable: criteria
Notice on line 174 in file /var/www/html/Exercise_3/modules/events_front_end/controller/controller_fe.class.php
|events_front_end|response200
06/11/16 12:19:04 PM|ERROR: [8] Undefined variable: criteria
Notice on line 174 in file /var/www/html/Exercise_3/modules/events_front_end/controller/controller_fe.class.php
|events_front_end|response200
06/11/16 12:19:04 PM|ERROR: [2] Illegal string offset 'total'
Warning on line 178 in file /var/www/html/Exercise_3/modules/events_front_end/controller/controller_fe.class.php
|events_front_end|response200
06/11/16 12:19:46 PM|ERROR: [8] Undefined variable: criteria
Notice on line 174 in file /var/www/html/Exercise_3/modules/events_front_end/controller/controller_fe.class.php
|events_front_end|response200
06/11/16 12:19:46 PM|ERROR: [2] Illegal string offset 'total'
Warning on line 178 in file /var/www/html/Exercise_3/modules/events_front_end/controller/controller_fe.class.php
|events_front_end|response200
06/11/16 12:20:07 PM|ERROR: [8] Undefined variable: criteria
Notice on line 174 in file /var/www/html/Exercise_3/modules/events_front_end/controller/controller_fe.class.php
|events_front_end|response200
06/11/16 12:20:07 PM|ERROR: [2] Illegal string offset 'total'
Warning on line 178 in file /var/www/html/Exercise_3/modules/events_front_end/controller/controller_fe.class.php
|events_front_end|response200
06/11/16 12:37:53 PM|ERROR: [8] Undefined variable: criteria
Notice on line 174 in file /var/www/html/Exercise_3/modules/events_front_end/controller/controller_fe.class.php
|events_front_end|response200
06/11/16 12:37:53 PM|ERROR: [2] Illegal string offset 'total'
Warning on line 178 in file /var/www/html/Exercise_3/modules/events_front_end/controller/controller_fe.class.php
|events_front_end|response200
06/11/16 12:39:21 PM|ERROR: [8] Undefined variable: criteria
Notice on line 174 in file /var/www/html/Exercise_3/modules/events_front_end/controller/controller_fe.class.php
|events_front_end|response200
06/11/16 12:39:21 PM|ERROR: [2] Illegal string offset 'total'
Warning on line 178 in file /var/www/html/Exercise_3/modules/events_front_end/controller/controller_fe.class.php
|events_front_end|response200
06/11/16 12:46:34 PM|ERROR: [8] Undefined variable: criteria
Notice on line 174 in file /var/www/html/Exercise_3/modules/events_front_end/controller/controller_fe.class.php
|events_front_end|response200
06/11/16 12:48:26 PM|ERROR: [8] Undefined variable: criteria
Notice on line 174 in file /var/www/html/Exercise_3/modules/events_front_end/controller/controller_fe.class.php
|events_front_end|response200
06/11/16 12:48:26 PM|ERROR: [2] Illegal string offset 'total'
Warning on line 178 in file /var/www/html/Exercise_3/modules/events_front_end/controller/controller_fe.class.php
|events_front_end|response200
06/11/16 12:50:04 PM|ERROR: [8] Undefined variable: criteria
Notice on line 174 in file /var/www/html/Exercise_3/modules/events_front_end/controller/controller_fe.class.php
|events_front_end|response200
06/11/16 12:50:40 PM|ERROR: [8] Undefined variable: criteria
Notice on line 174 in file /var/www/html/Exercise_3/modules/events_front_end/controller/controller_fe.class.php
|events_front_end|response200
06/11/16 12:51:40 PM|ERROR: [8] Undefined variable: criteria
Notice on line 174 in file /var/www/html/Exercise_3/modules/events_front_end/controller/controller_fe.class.php
|events_front_end|response200
06/11/16 12:53:23 PM|ERROR: [8] Undefined variable: criteria
Notice on line 174 in file /var/www/html/Exercise_3/modules/events_front_end/controller/controller_fe.class.php
|events_front_end|response200
06/11/16 12:54:00 PM|ERROR: [8] Undefined variable: criteria
Notice on line 174 in file /var/www/html/Exercise_3/modules/events_front_end/controller/controller_fe.class.php
|events_front_end|response200
06/11/16 12:56:14 PM|ERROR: [8] Undefined variable: criteria
Notice on line 174 in file /var/www/html/Exercise_3/modules/events_front_end/controller/controller_fe.class.php
|events_front_end|response200
06/11/16 12:58:28 PM|ERROR: [8] Undefined variable: criteria
Notice on line 174 in file /var/www/html/Exercise_3/modules/events_front_end/controller/controller_fe.class.php
|events_front_end|response200
06/11/16 01:00:54 PM|ERROR: [8] Undefined variable: criteria
Notice on line 174 in file /var/www/html/Exercise_3/modules/events_front_end/controller/controller_fe.class.php
|events_front_end|response200
06/11/16 01:01:28 PM|ERROR: [8] Undefined variable: criteria
Notice on line 174 in file /var/www/html/Exercise_3/modules/events_front_end/controller/controller_fe.class.php
|events_front_end|response200
06/11/16 01:03:21 PM|ERROR: [8] Undefined variable: criteria
Notice on line 174 in file /var/www/html/Exercise_3/modules/events_front_end/controller/controller_fe.class.php
|events_front_end|response200
06/11/16 01:10:09 PM|ERROR: [8] Undefined variable: criteria
Notice on line 174 in file /var/www/html/Exercise_3/modules/events_front_end/controller/controller_fe.class.php
|events_front_end|response200
06/11/16 01:13:51 PM|ERROR: [8] Undefined variable: criteria
Notice on line 174 in file /var/www/html/Exercise_3/modules/events_front_end/controller/controller_fe.class.php
|events_front_end|response200
06/11/16 01:14:04 PM|ERROR: [8] Undefined variable: criteria
Notice on line 174 in file /var/www/html/Exercise_3/modules/events_front_end/controller/controller_fe.class.php
|events_front_end|response200
06/11/16 01:14:28 PM|ERROR: [8] Undefined variable: criteria
Notice on line 174 in file /var/www/html/Exercise_3/modules/events_front_end/controller/controller_fe.class.php
|events_front_end|response200
06/11/16 01:16:05 PM|ERROR: [8] Undefined variable: criteria
Notice on line 174 in file /var/www/html/Exercise_3/modules/events_front_end/controller/controller_fe.class.php
|events_front_end|response200
06/11/16 01:16:43 PM|ERROR: [8] Undefined variable: criteria
Notice on line 174 in file /var/www/html/Exercise_3/modules/events_front_end/controller/controller_fe.class.php
|events_front_end|response200
06/11/16 01:17:13 PM|ERROR: [8] Undefined variable: criteria
Notice on line 174 in file /var/www/html/Exercise_3/modules/events_front_end/controller/controller_fe.class.php
|events_front_end|response200
06/11/16 01:17:27 PM|ERROR: [8] Undefined variable: arrArgument
Notice on line 117 in file /var/www/html/Exercise_3/modules/events_front_end/controller/controller_fe.class.php
|events_front_end|response200
06/11/16 01:17:27 PM|ERROR -404 NO DATA||responde200
06/11/16 01:17:55 PM|ERROR: [8] Undefined variable: arrArgument
Notice on line 117 in file /var/www/html/Exercise_3/modules/events_front_end/controller/controller_fe.class.php
|events_front_end|response200
06/11/16 01:17:55 PM|ERROR -404 NO DATA||responde200
06/11/16 05:05:13 PM|ERROR: [8] Undefined variable: criteria
Notice on line 174 in file /var/www/html/Exercise_3/modules/events_front_end/controller/controller_fe.class.php
|events_front_end|response200
06/11/16 05:06:46 PM|ERROR: [8] Undefined variable: arrArgument
Notice on line 117 in file /var/www/html/Exercise_3/modules/events_front_end/controller/controller_fe.class.php
|events_front_end|response200
06/11/16 05:06:46 PM|ERROR -404 NO DATA||responde200
06/11/16 05:14:03 PM|ERROR: [8] Undefined variable: criteria
Notice on line 174 in file /var/www/html/Exercise_3/modules/events_front_end/controller/controller_fe.class.php
|events_front_end|response200
06/11/16 05:14:15 PM|ERROR: [8] Undefined variable: criteria
Notice on line 174 in file /var/www/html/Exercise_3/modules/events_front_end/controller/controller_fe.class.php
|events_front_end|response200
06/11/16 05:14:37 PM|ERROR: [8] Undefined variable: arrArgument
Notice on line 117 in file /var/www/html/Exercise_3/modules/events_front_end/controller/controller_fe.class.php
|events_front_end|response200
06/11/16 05:14:37 PM|ERROR -404 NO DATA||responde200
06/11/16 05:14:43 PM|ERROR: [8] Undefined variable: criteria
Notice on line 174 in file /var/www/html/Exercise_3/modules/events_front_end/controller/controller_fe.class.php
|events_front_end|response200
06/11/16 05:14:47 PM|ERROR: [8] Undefined variable: criteria
Notice on line 174 in file /var/www/html/Exercise_3/modules/events_front_end/controller/controller_fe.class.php
|events_front_end|response200
06/11/16 05:27:26 PM|ERROR: [8] Undefined variable: criteria
Notice on line 174 in file /var/www/html/Exercise_3/modules/events_front_end/controller/controller_fe.class.php
|events_front_end|response200
06/11/16 05:29:39 PM|ERROR: [8] Undefined variable: criteria
Notice on line 174 in file /var/www/html/Exercise_3/modules/events_front_end/controller/controller_fe.class.php
|events_front_end|response200
06/11/16 05:30:17 PM|ERROR: [8] Undefined variable: criteria
Notice on line 174 in file /var/www/html/Exercise_3/modules/events_front_end/controller/controller_fe.class.php
|events_front_end|response200
06/11/16 05:30:24 PM|ERROR: [8] Undefined variable: criteria
Notice on line 174 in file /var/www/html/Exercise_3/modules/events_front_end/controller/controller_fe.class.php
|events_front_end|response200
06/11/16 05:36:22 PM|ERROR: [8] Undefined variable: criteria
Notice on line 174 in file /var/www/html/Exercise_3/modules/events_front_end/controller/controller_fe.class.php
|events_front_end|response200
06/11/16 05:36:48 PM|ERROR: [8] Undefined variable: criteria
Notice on line 174 in file /var/www/html/Exercise_3/modules/events_front_end/controller/controller_fe.class.php
|events_front_end|response200
06/11/16 05:36:52 PM|ERROR: [8] Undefined variable: criteria
Notice on line 174 in file /var/www/html/Exercise_3/modules/events_front_end/controller/controller_fe.class.php
|events_front_end|response200
06/11/16 05:52:03 PM|ERROR: [8] Undefined variable: criteria
Notice on line 174 in file /var/www/html/Exercise_3/modules/events_front_end/controller/controller_fe.class.php
|events_front_end|response200
06/11/16 05:54:04 PM|ERROR: [8] Undefined variable: criteria
Notice on line 174 in file /var/www/html/Exercise_3/modules/events_front_end/controller/controller_fe.class.php
|events_front_end|response200
06/11/16 05:54:59 PM|ERROR: [8] Undefined variable: criteria
Notice on line 174 in file /var/www/html/Exercise_3/modules/events_front_end/controller/controller_fe.class.php
|events_front_end|response200
06/11/16 05:55:41 PM|ERROR: [8] Undefined variable: criteria
Notice on line 174 in file /var/www/html/Exercise_3/modules/events_front_end/controller/controller_fe.class.php
|events_front_end|response200
06/11/16 05:56:25 PM|ERROR: [8] Undefined variable: criteria
Notice on line 174 in file /var/www/html/Exercise_3/modules/events_front_end/controller/controller_fe.class.php
|events_front_end|response200
06/11/16 05:56:48 PM|ERROR: [8] Undefined variable: criteria
Notice on line 174 in file /var/www/html/Exercise_3/modules/events_front_end/controller/controller_fe.class.php
|events_front_end|response200
06/11/16 05:57:29 PM|ERROR: [8] Undefined variable: criteria
Notice on line 174 in file /var/www/html/Exercise_3/modules/events_front_end/controller/controller_fe.class.php
|events_front_end|response200
06/11/16 05:59:15 PM|ERROR: [8] Undefined variable: criteria
Notice on line 174 in file /var/www/html/Exercise_3/modules/events_front_end/controller/controller_fe.class.php
|events_front_end|response200
06/11/16 06:01:24 PM|ERROR: [8] Undefined variable: criteria
Notice on line 174 in file /var/www/html/Exercise_3/modules/events_front_end/controller/controller_fe.class.php
|events_front_end|response200
06/11/16 06:02:53 PM|ERROR: [8] Undefined variable: criteria
Notice on line 174 in file /var/www/html/Exercise_3/modules/events_front_end/controller/controller_fe.class.php
|events_front_end|response200
06/11/16 06:04:26 PM|ERROR: [8] Undefined variable: criteria
Notice on line 174 in file /var/www/html/Exercise_3/modules/events_front_end/controller/controller_fe.class.php
|events_front_end|response200
06/11/16 06:04:37 PM|ERROR: [8] Undefined variable: criteria
Notice on line 174 in file /var/www/html/Exercise_3/modules/events_front_end/controller/controller_fe.class.php
|events_front_end|response200
06/11/16 06:05:06 PM|ERROR: [8] Undefined variable: criteria
Notice on line 174 in file /var/www/html/Exercise_3/modules/events_front_end/controller/controller_fe.class.php
|events_front_end|response200
06/11/16 06:07:18 PM|ERROR: [8] Undefined variable: criteria
Notice on line 174 in file /var/www/html/Exercise_3/modules/events_front_end/controller/controller_fe.class.php
|events_front_end|response200
06/11/16 06:22:16 PM|ERROR: [8] Undefined variable: criteria
Notice on line 174 in file /var/www/html/Exercise_3/modules/events_front_end/controller/controller_fe.class.php
|events_front_end|response200
06/11/16 06:22:16 PM|ERROR: [8] Undefined variable: arrValue
Notice on line 180 in file /var/www/html/Exercise_3/modules/events_front_end/controller/controller_fe.class.php
|events_front_end|response200
06/11/16 06:22:16 PM|ERROR -404 NO DATA||responde200
06/11/16 06:22:56 PM|ERROR: [8] Undefined variable: criteria
Notice on line 174 in file /var/www/html/Exercise_3/modules/events_front_end/controller/controller_fe.class.php
|events_front_end|response200
06/11/16 06:23:20 PM|ERROR: [8] Undefined variable: criteria
Notice on line 174 in file /var/www/html/Exercise_3/modules/events_front_end/controller/controller_fe.class.php
|events_front_end|response200
06/11/16 06:24:16 PM|ERROR: [8] Undefined variable: criteria
Notice on line 174 in file /var/www/html/Exercise_3/modules/events_front_end/controller/controller_fe.class.php
|events_front_end|response200
06/11/16 06:24:16 PM|ERROR: [8] Undefined variable: arrValue
Notice on line 180 in file /var/www/html/Exercise_3/modules/events_front_end/controller/controller_fe.class.php
|events_front_end|response200
06/11/16 06:25:52 PM|ERROR: [8] Undefined variable: criteria
Notice on line 174 in file /var/www/html/Exercise_3/modules/events_front_end/controller/controller_fe.class.php
|events_front_end|response200
06/11/16 06:26:12 PM|ERROR: [8] Undefined variable: criteria
Notice on line 174 in file /var/www/html/Exercise_3/modules/events_front_end/controller/controller_fe.class.php
|events_front_end|response200
06/11/16 06:28:09 PM|ERROR: [8] Undefined variable: criteria
Notice on line 174 in file /var/www/html/Exercise_3/modules/events_front_end/controller/controller_fe.class.php
|events_front_end|response200
06/11/16 06:28:38 PM|ERROR: [8] Undefined variable: criteria
Notice on line 174 in file /var/www/html/Exercise_3/modules/events_front_end/controller/controller_fe.class.php
|events_front_end|response200
06/11/16 06:29:54 PM|ERROR: [8] Undefined variable: arrArgument
Notice on line 117 in file /var/www/html/Exercise_3/modules/events_front_end/controller/controller_fe.class.php
|events_front_end|response200
06/11/16 06:29:54 PM|ERROR -404 NO DATA||responde200
06/11/16 06:32:14 PM|ERROR: [8] Undefined variable: criteria
Notice on line 174 in file /var/www/html/Exercise_3/modules/events_front_end/controller/controller_fe.class.php
|events_front_end|response200
06/11/16 06:32:29 PM|ERROR: [8] Undefined variable: criteria
Notice on line 174 in file /var/www/html/Exercise_3/modules/events_front_end/controller/controller_fe.class.php
|events_front_end|response200
06/11/16 06:32:37 PM|ERROR: [8] Undefined variable: criteria
Notice on line 174 in file /var/www/html/Exercise_3/modules/events_front_end/controller/controller_fe.class.php
|events_front_end|response200
06/11/16 06:32:45 PM|ERROR: [8] Undefined variable: criteria
Notice on line 174 in file /var/www/html/Exercise_3/modules/events_front_end/controller/controller_fe.class.php
|events_front_end|response200
06/11/16 06:33:03 PM|ERROR: [8] Undefined variable: arrArgument
Notice on line 117 in file /var/www/html/Exercise_3/modules/events_front_end/controller/controller_fe.class.php
|events_front_end|response200
06/11/16 06:33:03 PM|ERROR -404 NO DATA||responde200
06/11/16 06:34:45 PM|ERROR: [8] Undefined variable: criteria
Notice on line 174 in file /var/www/html/Exercise_3/modules/events_front_end/controller/controller_fe.class.php
|events_front_end|response200
06/11/16 06:34:52 PM|ERROR: [8] Undefined variable: criteria
Notice on line 174 in file /var/www/html/Exercise_3/modules/events_front_end/controller/controller_fe.class.php
|events_front_end|response200
06/11/16 06:35:17 PM|ERROR: [8] Undefined variable: criteria
Notice on line 174 in file /var/www/html/Exercise_3/modules/events_front_end/controller/controller_fe.class.php
|events_front_end|response200
06/11/16 06:37:04 PM|ERROR: [8] Undefined variable: criteria
Notice on line 174 in file /var/www/html/Exercise_3/modules/events_front_end/controller/controller_fe.class.php
|events_front_end|response200
06/11/16 06:38:57 PM|ERROR: [8] Undefined variable: criteria
Notice on line 174 in file /var/www/html/Exercise_3/modules/events_front_end/controller/controller_fe.class.php
|events_front_end|response200
06/11/16 06:39:43 PM|ERROR: [8] Undefined variable: criteria
Notice on line 174 in file /var/www/html/Exercise_3/modules/events_front_end/controller/controller_fe.class.php
|events_front_end|response200
06/11/16 06:40:03 PM|ERROR: [8] Undefined variable: criteria
Notice on line 174 in file /var/www/html/Exercise_3/modules/events_front_end/controller/controller_fe.class.php
|events_front_end|response200
06/11/16 06:54:32 PM|ERROR: [8] Undefined variable: criteria
Notice on line 174 in file /var/www/html/Exercise_3/modules/events_front_end/controller/controller_fe.class.php
|events_front_end|response200
06/11/16 06:54:57 PM|ERROR: [8] Undefined variable: criteria
Notice on line 174 in file /var/www/html/Exercise_3/modules/events_front_end/controller/controller_fe.class.php
|events_front_end|response200
06/11/16 06:55:05 PM|ERROR: [8] Undefined variable: criteria
Notice on line 174 in file /var/www/html/Exercise_3/modules/events_front_end/controller/controller_fe.class.php
|events_front_end|response200
06/11/16 07:01:26 PM|ERROR: [8] Undefined variable: criteria
Notice on line 311 in file /var/www/html/Exercise_3/modules/events_front_end/controller/controller_fe.class.php
|events_front_end|response200
06/11/16 07:01:26 PM|ERROR: [8] Undefined variable: criteria
Notice on line 174 in file /var/www/html/Exercise_3/modules/events_front_end/controller/controller_fe.class.php
|events_front_end|response200
06/11/16 07:01:26 PM|ERROR: [8] Undefined variable: criteria
Notice on line 311 in file /var/www/html/Exercise_3/modules/events_front_end/controller/controller_fe.class.php
|events_front_end|response200
06/11/16 07:03:48 PM|ERROR: [8] Undefined variable: criteria
Notice on line 174 in file /var/www/html/Exercise_3/modules/events_front_end/controller/controller_fe.class.php
|events_front_end|response200
06/11/16 07:03:48 PM|ERROR: [8] Undefined variable: criteria
Notice on line 304 in file /var/www/html/Exercise_3/modules/events_front_end/controller/controller_fe.class.php
|events_front_end|response200
06/11/16 07:03:48 PM|ERROR: [8] Undefined variable: criteria
Notice on line 304 in file /var/www/html/Exercise_3/modules/events_front_end/controller/controller_fe.class.php
|events_front_end|response200
06/11/16 07:04:17 PM|ERROR: [8] Undefined variable: criteria
Notice on line 174 in file /var/www/html/Exercise_3/modules/events_front_end/controller/controller_fe.class.php
|events_front_end|response200
06/11/16 07:04:17 PM|ERROR: [8] Undefined variable: criteria
Notice on line 304 in file /var/www/html/Exercise_3/modules/events_front_end/controller/controller_fe.class.php
|events_front_end|response200
06/11/16 07:04:17 PM|ERROR: [8] Undefined variable: criteria
Notice on line 304 in file /var/www/html/Exercise_3/modules/events_front_end/controller/controller_fe.class.php
|events_front_end|response200
06/11/16 07:07:54 PM|ERROR: [8] Undefined variable: criteria
Notice on line 174 in file /var/www/html/Exercise_3/modules/events_front_end/controller/controller_fe.class.php
|events_front_end|response200
06/11/16 07:07:54 PM|ERROR: [8] Undefined variable: criteria
Notice on line 304 in file /var/www/html/Exercise_3/modules/events_front_end/controller/controller_fe.class.php
|events_front_end|response200
06/11/16 07:08:05 PM|ERROR: [8] Undefined variable: arrArgument
Notice on line 117 in file /var/www/html/Exercise_3/modules/events_front_end/controller/controller_fe.class.php
|events_front_end|response200
06/11/16 07:08:05 PM|ERROR -404 NO DATA||responde200
06/11/16 07:09:31 PM|ERROR: [8] Undefined variable: criteria
Notice on line 174 in file /var/www/html/Exercise_3/modules/events_front_end/controller/controller_fe.class.php
|events_front_end|response200
06/11/16 07:09:31 PM|ERROR: [8] Undefined variable: criteria
Notice on line 304 in file /var/www/html/Exercise_3/modules/events_front_end/controller/controller_fe.class.php
|events_front_end|response200
06/11/16 07:11:06 PM|ERROR: [8] Undefined variable: criteria
Notice on line 174 in file /var/www/html/Exercise_3/modules/events_front_end/controller/controller_fe.class.php
|events_front_end|response200
06/11/16 07:11:06 PM|ERROR: [2] Illegal string offset 'total'
Warning on line 180 in file /var/www/html/Exercise_3/modules/events_front_end/controller/controller_fe.class.php
|events_front_end|response200
06/11/16 07:11:06 PM|ERROR: [8] Undefined variable: criteria
Notice on line 304 in file /var/www/html/Exercise_3/modules/events_front_end/controller/controller_fe.class.php
|events_front_end|response200
06/11/16 07:11:06 PM|ERROR: [8] Undefined variable: criteria
Notice on line 304 in file /var/www/html/Exercise_3/modules/events_front_end/controller/controller_fe.class.php
|events_front_end|response200
06/11/16 07:11:15 PM|ERROR: [8] Undefined variable: criteria
Notice on line 174 in file /var/www/html/Exercise_3/modules/events_front_end/controller/controller_fe.class.php
|events_front_end|response200
06/11/16 07:11:15 PM|ERROR: [2] Illegal string offset 'total'
Warning on line 180 in file /var/www/html/Exercise_3/modules/events_front_end/controller/controller_fe.class.php
|events_front_end|response200
06/11/16 07:11:15 PM|ERROR: [8] Undefined variable: criteria
Notice on line 304 in file /var/www/html/Exercise_3/modules/events_front_end/controller/controller_fe.class.php
|events_front_end|response200
06/11/16 07:11:15 PM|ERROR: [8] Undefined variable: criteria
Notice on line 304 in file /var/www/html/Exercise_3/modules/events_front_end/controller/controller_fe.class.php
|events_front_end|response200
06/11/16 07:11:24 PM|ERROR: [8] Undefined variable: arrArgument
Notice on line 117 in file /var/www/html/Exercise_3/modules/events_front_end/controller/controller_fe.class.php
|events_front_end|response200
06/11/16 07:11:24 PM|ERROR -404 NO DATA||responde200
06/11/16 07:12:03 PM|ERROR: [8] Undefined variable: criteria
Notice on line 174 in file /var/www/html/Exercise_3/modules/events_front_end/controller/controller_fe.class.php
|events_front_end|response200
06/11/16 07:12:03 PM|ERROR: [8] Undefined variable: criteria
Notice on line 304 in file /var/www/html/Exercise_3/modules/events_front_end/controller/controller_fe.class.php
|events_front_end|response200
06/11/16 07:13:14 PM|ERROR: [8] Undefined variable: criteria
Notice on line 174 in file /var/www/html/Exercise_3/modules/events_front_end/controller/controller_fe.class.php
|events_front_end|response200
06/11/16 07:13:14 PM|ERROR: [8] Undefined variable: criteria
Notice on line 304 in file /var/www/html/Exercise_3/modules/events_front_end/controller/controller_fe.class.php
|events_front_end|response200
06/11/16 07:13:23 PM|ERROR: [8] Undefined variable: criteria
Notice on line 174 in file /var/www/html/Exercise_3/modules/events_front_end/controller/controller_fe.class.php
|events_front_end|response200
06/11/16 07:13:23 PM|ERROR: [8] Undefined variable: criteria
Notice on line 304 in file /var/www/html/Exercise_3/modules/events_front_end/controller/controller_fe.class.php
|events_front_end|response200
06/11/16 07:24:23 PM|ERROR: [8] Undefined variable: criteria
Notice on line 174 in file /var/www/html/Exercise_3/modules/events_front_end/controller/controller_fe.class.php
|events_front_end|response200
06/11/16 07:24:23 PM|ERROR: [8] Undefined variable: criteria
Notice on line 304 in file /var/www/html/Exercise_3/modules/events_front_end/controller/controller_fe.class.php
|events_front_end|response200
06/11/16 07:24:39 PM|ERROR: [8] Undefined variable: criteria
Notice on line 304 in file /var/www/html/Exercise_3/modules/events_front_end/controller/controller_fe.class.php
|events_front_end|response200
06/11/16 07:24:41 PM|ERROR: [8] Undefined variable: criteria
Notice on line 304 in file /var/www/html/Exercise_3/modules/events_front_end/controller/controller_fe.class.php
|events_front_end|response200
06/11/16 07:24:43 PM|ERROR: [8] Undefined variable: criteria
Notice on line 304 in file /var/www/html/Exercise_3/modules/events_front_end/controller/controller_fe.class.php
|events_front_end|response200
06/11/16 07:24:44 PM|ERROR: [8] Undefined variable: criteria
Notice on line 304 in file /var/www/html/Exercise_3/modules/events_front_end/controller/controller_fe.class.php
|events_front_end|response200
06/11/16 07:26:08 PM|ERROR: [8] Undefined variable: criteria
Notice on line 174 in file /var/www/html/Exercise_3/modules/events_front_end/controller/controller_fe.class.php
|events_front_end|response200
06/11/16 07:26:08 PM|ERROR: [8] Undefined variable: criteria
Notice on line 304 in file /var/www/html/Exercise_3/modules/events_front_end/controller/controller_fe.class.php
|events_front_end|response200
06/11/16 07:26:53 PM|ERROR: [8] Undefined variable: criteria
Notice on line 174 in file /var/www/html/Exercise_3/modules/events_front_end/controller/controller_fe.class.php
|events_front_end|response200
06/11/16 07:26:53 PM|ERROR: [8] Undefined variable: criteria
Notice on line 304 in file /var/www/html/Exercise_3/modules/events_front_end/controller/controller_fe.class.php
|events_front_end|response200
06/11/16 07:27:37 PM|ERROR: [8] Undefined variable: criteria
Notice on line 174 in file /var/www/html/Exercise_3/modules/events_front_end/controller/controller_fe.class.php
|events_front_end|response200
06/11/16 07:27:37 PM|ERROR: [8] Undefined variable: criteria
Notice on line 304 in file /var/www/html/Exercise_3/modules/events_front_end/controller/controller_fe.class.php
|events_front_end|response200
06/11/16 07:28:46 PM|ERROR: [8] Undefined variable: arrArgument
Notice on line 117 in file /var/www/html/Exercise_3/modules/events_front_end/controller/controller_fe.class.php
|events_front_end|response200
06/11/16 07:28:46 PM|ERROR -404 NO DATA||responde200
06/11/16 07:29:09 PM|ERROR: [8] Undefined variable: criteria
Notice on line 174 in file /var/www/html/Exercise_3/modules/events_front_end/controller/controller_fe.class.php
|events_front_end|response200
06/11/16 07:29:09 PM|ERROR: [8] Undefined variable: criteria
Notice on line 304 in file /var/www/html/Exercise_3/modules/events_front_end/controller/controller_fe.class.php
|events_front_end|response200
06/11/16 07:30:27 PM|ERROR: [8] Undefined variable: arrArgument
Notice on line 117 in file /var/www/html/Exercise_3/modules/events_front_end/controller/controller_fe.class.php
|events_front_end|response200
06/11/16 07:30:27 PM|ERROR -404 NO DATA||responde200
06/11/16 07:30:51 PM|ERROR: [8] Undefined variable: criteria
Notice on line 174 in file /var/www/html/Exercise_3/modules/events_front_end/controller/controller_fe.class.php
|events_front_end|response200
06/11/16 07:30:51 PM|ERROR: [8] Undefined variable: criteria
Notice on line 304 in file /var/www/html/Exercise_3/modules/events_front_end/controller/controller_fe.class.php
|events_front_end|response200
06/11/16 07:31:51 PM|ERROR: [8] Undefined variable: arrArgument
Notice on line 117 in file /var/www/html/Exercise_3/modules/events_front_end/controller/controller_fe.class.php
|events_front_end|response200
06/11/16 07:31:51 PM|ERROR -404 NO DATA||responde200
06/11/16 07:32:03 PM|ERROR: [8] Undefined variable: criteria
Notice on line 174 in file /var/www/html/Exercise_3/modules/events_front_end/controller/controller_fe.class.php
|events_front_end|response200
06/11/16 07:32:03 PM|ERROR: [8] Undefined variable: criteria
Notice on line 304 in file /var/www/html/Exercise_3/modules/events_front_end/controller/controller_fe.class.php
|events_front_end|response200
06/11/16 07:32:11 PM|ERROR: [8] Undefined variable: arrArgument
Notice on line 117 in file /var/www/html/Exercise_3/modules/events_front_end/controller/controller_fe.class.php
|events_front_end|response200
06/11/16 07:32:11 PM|ERROR -404 NO DATA||responde200
06/11/16 07:32:19 PM|ERROR: [8] Undefined variable: criteria
Notice on line 174 in file /var/www/html/Exercise_3/modules/events_front_end/controller/controller_fe.class.php
|events_front_end|response200
06/11/16 07:32:19 PM|ERROR: [8] Undefined variable: criteria
Notice on line 304 in file /var/www/html/Exercise_3/modules/events_front_end/controller/controller_fe.class.php
|events_front_end|response200
06/11/16 07:33:49 PM|ERROR: [8] Undefined variable: arrArgument
Notice on line 117 in file /var/www/html/Exercise_3/modules/events_front_end/controller/controller_fe.class.php
|events_front_end|response200
06/11/16 07:33:49 PM|ERROR -404 NO DATA||responde200
06/11/16 07:36:41 PM|ERROR: [8] Undefined variable: criteria
Notice on line 174 in file /var/www/html/Exercise_3/modules/events_front_end/controller/controller_fe.class.php
|events_front_end|response200
06/11/16 07:36:41 PM|ERROR: [8] Undefined variable: criteria
Notice on line 304 in file /var/www/html/Exercise_3/modules/events_front_end/controller/controller_fe.class.php
|events_front_end|response200
06/11/16 07:36:46 PM|ERROR: [8] Undefined variable: arrArgument
Notice on line 117 in file /var/www/html/Exercise_3/modules/events_front_end/controller/controller_fe.class.php
|events_front_end|response200
06/11/16 07:36:46 PM|ERROR -404 NO DATA||responde200
06/11/16 07:37:56 PM|ERROR: [8] Undefined variable: criteria
Notice on line 175 in file /var/www/html/Exercise_3/modules/events_front_end/controller/controller_fe.class.php
|events_front_end|response200
06/11/16 07:37:56 PM|ERROR: [8] Undefined variable: criteria
Notice on line 305 in file /var/www/html/Exercise_3/modules/events_front_end/controller/controller_fe.class.php
|events_front_end|response200
06/11/16 07:38:01 PM|ERROR: [8] Undefined variable: arrArgument
Notice on line 117 in file /var/www/html/Exercise_3/modules/events_front_end/controller/controller_fe.class.php
|events_front_end|response200
06/11/16 07:38:01 PM|ERROR: [8] Undefined variable: jsondata
Notice on line 118 in file /var/www/html/Exercise_3/modules/events_front_end/controller/controller_fe.class.php
|events_front_end|response200
06/11/16 07:38:54 PM|ERROR: [8] Undefined variable: criteria
Notice on line 175 in file /var/www/html/Exercise_3/modules/events_front_end/controller/controller_fe.class.php
|events_front_end|response200
06/11/16 07:38:54 PM|ERROR: [8] Undefined variable: criteria
Notice on line 305 in file /var/www/html/Exercise_3/modules/events_front_end/controller/controller_fe.class.php
|events_front_end|response200
06/11/16 07:39:04 PM|ERROR: [8] Undefined variable: arrArgument
Notice on line 117 in file /var/www/html/Exercise_3/modules/events_front_end/controller/controller_fe.class.php
|events_front_end|response200
06/11/16 07:39:50 PM|ERROR: [8] Undefined variable: arrArgument
Notice on line 117 in file /var/www/html/Exercise_3/modules/events_front_end/controller/controller_fe.class.php
|events_front_end|response200
06/11/16 07:39:50 PM|ERROR -404 NO DATA||responde200
06/11/16 07:41:28 PM|ERROR: [8] Undefined variable: criteria
Notice on line 175 in file /var/www/html/Exercise_3/modules/events_front_end/controller/controller_fe.class.php
|events_front_end|response200
06/11/16 07:41:28 PM|ERROR: [2] Illegal string offset 'total'
Warning on line 181 in file /var/www/html/Exercise_3/modules/events_front_end/controller/controller_fe.class.php
|events_front_end|response200
06/11/16 07:41:29 PM|ERROR: [8] Undefined variable: criteria
Notice on line 305 in file /var/www/html/Exercise_3/modules/events_front_end/controller/controller_fe.class.php
|events_front_end|response200
06/11/16 07:41:29 PM|ERROR: [8] Undefined variable: criteria
Notice on line 305 in file /var/www/html/Exercise_3/modules/events_front_end/controller/controller_fe.class.php
|events_front_end|response200
06/11/16 07:41:33 PM|ERROR: [8] Undefined variable: arrArgument
Notice on line 117 in file /var/www/html/Exercise_3/modules/events_front_end/controller/controller_fe.class.php
|events_front_end|response200
06/11/16 07:43:12 PM|ERROR: [8] Undefined variable: criteria
Notice on line 175 in file /var/www/html/Exercise_3/modules/events_front_end/controller/controller_fe.class.php
|events_front_end|response200
06/11/16 07:43:12 PM|ERROR: [8] Undefined variable: criteria
Notice on line 305 in file /var/www/html/Exercise_3/modules/events_front_end/controller/controller_fe.class.php
|events_front_end|response200
06/11/16 07:43:16 PM|ERROR: [8] Undefined variable: arrArgument
Notice on line 117 in file /var/www/html/Exercise_3/modules/events_front_end/controller/controller_fe.class.php
|events_front_end|response200
06/11/16 07:43:16 PM|ERROR -404 NO DATA||responde200
06/11/16 07:46:06 PM|ERROR: [8] Undefined variable: criteria
Notice on line 175 in file /var/www/html/Exercise_3/modules/events_front_end/controller/controller_fe.class.php
|events_front_end|response200
06/11/16 07:46:06 PM|ERROR: [8] Undefined variable: criteria
Notice on line 305 in file /var/www/html/Exercise_3/modules/events_front_end/controller/controller_fe.class.php
|events_front_end|response200
06/11/16 07:46:11 PM|ERROR: [8] Undefined variable: arrArgument
Notice on line 117 in file /var/www/html/Exercise_3/modules/events_front_end/controller/controller_fe.class.php
|events_front_end|response200
06/11/16 07:46:26 PM|ERROR: [8] Undefined variable: criteria
Notice on line 175 in file /var/www/html/Exercise_3/modules/events_front_end/controller/controller_fe.class.php
|events_front_end|response200
06/11/16 07:46:26 PM|ERROR: [8] Undefined variable: criteria
Notice on line 305 in file /var/www/html/Exercise_3/modules/events_front_end/controller/controller_fe.class.php
|events_front_end|response200
06/11/16 07:46:30 PM|ERROR: [8] Undefined variable: arrArgument
Notice on line 117 in file /var/www/html/Exercise_3/modules/events_front_end/controller/controller_fe.class.php
|events_front_end|response200
06/11/16 07:47:56 PM|ERROR: [8] Undefined variable: criteria
Notice on line 175 in file /var/www/html/Exercise_3/modules/events_front_end/controller/controller_fe.class.php
|events_front_end|response200
06/11/16 07:47:56 PM|ERROR: [2] Illegal string offset 'total'
Warning on line 181 in file /var/www/html/Exercise_3/modules/events_front_end/controller/controller_fe.class.php
|events_front_end|response200
06/11/16 07:47:56 PM|ERROR: [8] Undefined variable: criteria
Notice on line 305 in file /var/www/html/Exercise_3/modules/events_front_end/controller/controller_fe.class.php
|events_front_end|response200
06/11/16 07:47:56 PM|ERROR: [8] Undefined variable: criteria
Notice on line 305 in file /var/www/html/Exercise_3/modules/events_front_end/controller/controller_fe.class.php
|events_front_end|response200
06/11/16 07:48:03 PM|ERROR: [8] Undefined variable: arrArgument
Notice on line 117 in file /var/www/html/Exercise_3/modules/events_front_end/controller/controller_fe.class.php
|events_front_end|response200
06/11/16 07:48:41 PM|ERROR: [8] Undefined variable: criteria
Notice on line 175 in file /var/www/html/Exercise_3/modules/events_front_end/controller/controller_fe.class.php
|events_front_end|response200
06/11/16 07:48:41 PM|ERROR: [2] Illegal string offset 'total'
Warning on line 181 in file /var/www/html/Exercise_3/modules/events_front_end/controller/controller_fe.class.php
|events_front_end|response200
06/11/16 07:48:41 PM|ERROR: [8] Undefined variable: criteria
Notice on line 305 in file /var/www/html/Exercise_3/modules/events_front_end/controller/controller_fe.class.php
|events_front_end|response200
06/11/16 07:48:41 PM|ERROR: [8] Undefined variable: criteria
Notice on line 305 in file /var/www/html/Exercise_3/modules/events_front_end/controller/controller_fe.class.php
|events_front_end|response200
06/11/16 07:48:46 PM|ERROR: [8] Undefined variable: arrArgument
Notice on line 117 in file /var/www/html/Exercise_3/modules/events_front_end/controller/controller_fe.class.php
|events_front_end|response200
06/11/16 07:50:38 PM|ERROR: [8] Undefined variable: criteria
Notice on line 175 in file /var/www/html/Exercise_3/modules/events_front_end/controller/controller_fe.class.php
|events_front_end|response200
06/11/16 07:50:38 PM|ERROR: [2] Illegal string offset 'total'
Warning on line 181 in file /var/www/html/Exercise_3/modules/events_front_end/controller/controller_fe.class.php
|events_front_end|response200
06/11/16 07:50:38 PM|ERROR: [8] Undefined variable: criteria
Notice on line 305 in file /var/www/html/Exercise_3/modules/events_front_end/controller/controller_fe.class.php
|events_front_end|response200
06/11/16 07:50:38 PM|ERROR: [8] Undefined variable: criteria
Notice on line 305 in file /var/www/html/Exercise_3/modules/events_front_end/controller/controller_fe.class.php
|events_front_end|response200
06/11/16 07:50:42 PM|ERROR: [8] Undefined variable: arrArgument
Notice on line 117 in file /var/www/html/Exercise_3/modules/events_front_end/controller/controller_fe.class.php
|events_front_end|response200
06/11/16 07:51:16 PM|ERROR: [8] Undefined variable: criteria
Notice on line 175 in file /var/www/html/Exercise_3/modules/events_front_end/controller/controller_fe.class.php
|events_front_end|response200
06/11/16 07:51:16 PM|ERROR: [2] Illegal string offset 'total'
Warning on line 181 in file /var/www/html/Exercise_3/modules/events_front_end/controller/controller_fe.class.php
|events_front_end|response200
06/11/16 07:51:16 PM|ERROR: [8] Undefined variable: criteria
Notice on line 305 in file /var/www/html/Exercise_3/modules/events_front_end/controller/controller_fe.class.php
|events_front_end|response200
06/11/16 07:51:16 PM|ERROR: [8] Undefined variable: criteria
Notice on line 305 in file /var/www/html/Exercise_3/modules/events_front_end/controller/controller_fe.class.php
|events_front_end|response200
06/11/16 07:51:19 PM|ERROR: [8] Undefined variable: arrArgument
Notice on line 117 in file /var/www/html/Exercise_3/modules/events_front_end/controller/controller_fe.class.php
|events_front_end|response200
06/11/16 07:52:13 PM|ERROR: [8] Undefined variable: criteria
Notice on line 175 in file /var/www/html/Exercise_3/modules/events_front_end/controller/controller_fe.class.php
|events_front_end|response200
06/11/16 07:52:13 PM|ERROR: [2] Illegal string offset 'total'
Warning on line 181 in file /var/www/html/Exercise_3/modules/events_front_end/controller/controller_fe.class.php
|events_front_end|response200
06/11/16 07:52:13 PM|ERROR: [8] Undefined variable: criteria
Notice on line 305 in file /var/www/html/Exercise_3/modules/events_front_end/controller/controller_fe.class.php
|events_front_end|response200
06/11/16 07:52:13 PM|ERROR: [8] Undefined variable: criteria
Notice on line 305 in file /var/www/html/Exercise_3/modules/events_front_end/controller/controller_fe.class.php
|events_front_end|response200
06/11/16 07:52:56 PM|ERROR: [8] Undefined variable: criteria
Notice on line 174 in file /var/www/html/Exercise_3/modules/events_front_end/controller/controller_fe.class.php
|events_front_end|response200
06/11/16 07:52:56 PM|ERROR: [2] Illegal string offset 'total'
Warning on line 180 in file /var/www/html/Exercise_3/modules/events_front_end/controller/controller_fe.class.php
|events_front_end|response200
06/11/16 07:52:56 PM|ERROR: [8] Undefined variable: criteria
Notice on line 304 in file /var/www/html/Exercise_3/modules/events_front_end/controller/controller_fe.class.php
|events_front_end|response200
06/11/16 07:52:56 PM|ERROR: [8] Undefined variable: criteria
Notice on line 304 in file /var/www/html/Exercise_3/modules/events_front_end/controller/controller_fe.class.php
|events_front_end|response200
06/11/16 09:41:46 PM|ERROR: [8] Undefined variable: criteria
Notice on line 174 in file /var/www/html/Exercise_3/modules/events_front_end/controller/controller_fe.class.php
|events_front_end|response200
06/11/16 09:41:46 PM|ERROR: [2] Illegal string offset 'total'
Warning on line 180 in file /var/www/html/Exercise_3/modules/events_front_end/controller/controller_fe.class.php
|events_front_end|response200
06/11/16 09:41:46 PM|ERROR: [8] Undefined variable: criteria
Notice on line 304 in file /var/www/html/Exercise_3/modules/events_front_end/controller/controller_fe.class.php
|events_front_end|response200
06/11/16 09:41:46 PM|ERROR: [8] Undefined variable: criteria
Notice on line 304 in file /var/www/html/Exercise_3/modules/events_front_end/controller/controller_fe.class.php
|events_front_end|response200
06/11/16 09:51:35 PM|ERROR: [8] Undefined variable: criteria
Notice on line 175 in file /var/www/html/Exercise_3/modules/events_front_end/controller/controller_fe.class.php
|events_front_end|response200
06/11/16 09:51:35 PM|ERROR: [8] Undefined variable: criteria
Notice on line 305 in file /var/www/html/Exercise_3/modules/events_front_end/controller/controller_fe.class.php
|events_front_end|response200
06/11/16 09:52:42 PM|ERROR: [8] Undefined variable: criteria
Notice on line 175 in file /var/www/html/Exercise_3/modules/events_front_end/controller/controller_fe.class.php
|events_front_end|response200
06/11/16 09:52:42 PM|ERROR: [8] Undefined variable: criteria
Notice on line 305 in file /var/www/html/Exercise_3/modules/events_front_end/controller/controller_fe.class.php
|events_front_end|response200
06/11/16 09:53:35 PM|ERROR: [8] Undefined variable: criteria
Notice on line 175 in file /var/www/html/Exercise_3/modules/events_front_end/controller/controller_fe.class.php
|events_front_end|response200
06/11/16 09:53:35 PM|ERROR: [8] Undefined variable: criteria
Notice on line 305 in file /var/www/html/Exercise_3/modules/events_front_end/controller/controller_fe.class.php
|events_front_end|response200
06/11/16 09:56:00 PM|ERROR: [8] Undefined variable: criteria
Notice on line 175 in file /var/www/html/Exercise_3/modules/events_front_end/controller/controller_fe.class.php
|events_front_end|response200
06/11/16 09:56:00 PM|ERROR: [8] Undefined variable: criteria
Notice on line 305 in file /var/www/html/Exercise_3/modules/events_front_end/controller/controller_fe.class.php
|events_front_end|response200
06/11/16 09:56:04 PM|ERROR: [8] Undefined variable: criteria
Notice on line 305 in file /var/www/html/Exercise_3/modules/events_front_end/controller/controller_fe.class.php
|events_front_end|response200
06/11/16 09:58:22 PM|ERROR: [8] Undefined variable: criteria
Notice on line 175 in file /var/www/html/Exercise_3/modules/events_front_end/controller/controller_fe.class.php
|events_front_end|response200
06/11/16 09:58:23 PM|ERROR: [8] Undefined variable: criteria
Notice on line 305 in file /var/www/html/Exercise_3/modules/events_front_end/controller/controller_fe.class.php
|events_front_end|response200
06/11/16 09:58:33 PM|ERROR: [8] Undefined variable: criteria
Notice on line 175 in file /var/www/html/Exercise_3/modules/events_front_end/controller/controller_fe.class.php
|events_front_end|response200
06/11/16 09:58:33 PM|ERROR: [8] Undefined variable: criteria
Notice on line 305 in file /var/www/html/Exercise_3/modules/events_front_end/controller/controller_fe.class.php
|events_front_end|response200
06/11/16 10:10:18 PM|ERROR: [8] Undefined variable: criteria
Notice on line 175 in file /var/www/html/Exercise_3/modules/events_front_end/controller/controller_fe.class.php
|events_front_end|response200
06/11/16 10:10:18 PM|ERROR: [8] Undefined variable: criteria
Notice on line 305 in file /var/www/html/Exercise_3/modules/events_front_end/controller/controller_fe.class.php
|events_front_end|response200
06/11/16 10:11:04 PM|ERROR: [8] Undefined variable: criteria
Notice on line 175 in file /var/www/html/Exercise_3/modules/events_front_end/controller/controller_fe.class.php
|events_front_end|response200
06/11/16 10:11:04 PM|ERROR: [8] Undefined variable: criteria
Notice on line 305 in file /var/www/html/Exercise_3/modules/events_front_end/controller/controller_fe.class.php
|events_front_end|response200
06/11/16 10:12:12 PM|ERROR: [8] Undefined variable: criteria
Notice on line 177 in file /var/www/html/Exercise_3/modules/events_front_end/controller/controller_fe.class.php
|events_front_end|response200
06/11/16 10:12:12 PM|ERROR: [8] Undefined variable: criteria
Notice on line 307 in file /var/www/html/Exercise_3/modules/events_front_end/controller/controller_fe.class.php
|events_front_end|response200
06/11/16 10:14:33 PM|ERROR: [8] Undefined variable: criteria
Notice on line 177 in file /var/www/html/Exercise_3/modules/events_front_end/controller/controller_fe.class.php
|events_front_end|response200
06/11/16 10:14:33 PM|ERROR: [8] Undefined variable: criteria
Notice on line 307 in file /var/www/html/Exercise_3/modules/events_front_end/controller/controller_fe.class.php
|events_front_end|response200
06/11/16 10:15:38 PM|ERROR: [8] Undefined variable: criteria
Notice on line 178 in file /var/www/html/Exercise_3/modules/events_front_end/controller/controller_fe.class.php
|events_front_end|response200
06/11/16 10:15:38 PM|ERROR: [8] Undefined variable: criteria
Notice on line 308 in file /var/www/html/Exercise_3/modules/events_front_end/controller/controller_fe.class.php
|events_front_end|response200
06/11/16 10:16:57 PM|ERROR: [8] Undefined variable: criteria
Notice on line 178 in file /var/www/html/Exercise_3/modules/events_front_end/controller/controller_fe.class.php
|events_front_end|response200
06/11/16 10:16:57 PM|ERROR: [8] Undefined variable: criteria
Notice on line 308 in file /var/www/html/Exercise_3/modules/events_front_end/controller/controller_fe.class.php
|events_front_end|response200
06/11/16 10:17:59 PM|ERROR: [8] Undefined variable: criteria
Notice on line 178 in file /var/www/html/Exercise_3/modules/events_front_end/controller/controller_fe.class.php
|events_front_end|response200
06/11/16 10:17:59 PM|ERROR: [8] Undefined variable: criteria
Notice on line 308 in file /var/www/html/Exercise_3/modules/events_front_end/controller/controller_fe.class.php
|events_front_end|response200
06/11/16 10:20:03 PM|ERROR: [8] Undefined variable: criteria
Notice on line 178 in file /var/www/html/Exercise_3/modules/events_front_end/controller/controller_fe.class.php
|events_front_end|response200
06/11/16 10:20:03 PM|ERROR: [8] Undefined variable: criteria
Notice on line 308 in file /var/www/html/Exercise_3/modules/events_front_end/controller/controller_fe.class.php
|events_front_end|response200
06/11/16 10:21:31 PM|ERROR: [8] Undefined variable: criteria
Notice on line 178 in file /var/www/html/Exercise_3/modules/events_front_end/controller/controller_fe.class.php
|events_front_end|response200
06/11/16 10:21:31 PM|ERROR: [8] Undefined variable: criteria
Notice on line 308 in file /var/www/html/Exercise_3/modules/events_front_end/controller/controller_fe.class.php
|events_front_end|response200
06/11/16 10:23:12 PM|ERROR: [8] Undefined variable: criteria
Notice on line 178 in file /var/www/html/Exercise_3/modules/events_front_end/controller/controller_fe.class.php
|events_front_end|response200
06/11/16 10:23:13 PM|ERROR: [8] Undefined variable: criteria
Notice on line 308 in file /var/www/html/Exercise_3/modules/events_front_end/controller/controller_fe.class.php
|events_front_end|response200
06/11/16 10:24:08 PM|ERROR: [8] Undefined variable: criteria
Notice on line 178 in file /var/www/html/Exercise_3/modules/events_front_end/controller/controller_fe.class.php
|events_front_end|response200
06/11/16 10:24:08 PM|ERROR: [8] Undefined variable: criteria
Notice on line 308 in file /var/www/html/Exercise_3/modules/events_front_end/controller/controller_fe.class.php
|events_front_end|response200
06/11/16 10:25:21 PM|ERROR: [8] Undefined variable: criteria
Notice on line 178 in file /var/www/html/Exercise_3/modules/events_front_end/controller/controller_fe.class.php
|events_front_end|response200
06/11/16 10:25:21 PM|ERROR: [8] Undefined variable: criteria
Notice on line 308 in file /var/www/html/Exercise_3/modules/events_front_end/controller/controller_fe.class.php
|events_front_end|response200
06/11/16 10:27:04 PM|ERROR: [8] Undefined variable: criteria
Notice on line 178 in file /var/www/html/Exercise_3/modules/events_front_end/controller/controller_fe.class.php
|events_front_end|response200
06/11/16 10:27:04 PM|ERROR: [8] Undefined variable: criteria
Notice on line 308 in file /var/www/html/Exercise_3/modules/events_front_end/controller/controller_fe.class.php
|events_front_end|response200
06/11/16 10:27:56 PM|ERROR: [8] Undefined variable: criteria
Notice on line 177 in file /var/www/html/Exercise_3/modules/events_front_end/controller/controller_fe.class.php
|events_front_end|response200
06/11/16 10:27:56 PM|ERROR: [8] Undefined variable: criteria
Notice on line 307 in file /var/www/html/Exercise_3/modules/events_front_end/controller/controller_fe.class.php
|events_front_end|response200
06/11/16 10:29:05 PM|ERROR: [8] Undefined variable: criteria
Notice on line 177 in file /var/www/html/Exercise_3/modules/events_front_end/controller/controller_fe.class.php
|events_front_end|response200
06/11/16 10:29:05 PM|ERROR: [8] Undefined variable: criteria
Notice on line 307 in file /var/www/html/Exercise_3/modules/events_front_end/controller/controller_fe.class.php
|events_front_end|response200
06/11/16 10:30:01 PM|ERROR: [8] Undefined variable: criteria
Notice on line 177 in file /var/www/html/Exercise_3/modules/events_front_end/controller/controller_fe.class.php
|events_front_end|response200
06/11/16 10:30:01 PM|ERROR: [8] Undefined variable: criteria
Notice on line 307 in file /var/www/html/Exercise_3/modules/events_front_end/controller/controller_fe.class.php
|events_front_end|response200
06/11/16 10:33:08 PM|ERROR: [8] Undefined variable: criteria
Notice on line 177 in file /var/www/html/Exercise_3/modules/events_front_end/controller/controller_fe.class.php
|events_front_end|response200
06/11/16 10:33:08 PM|ERROR: [8] Undefined variable: criteria
Notice on line 307 in file /var/www/html/Exercise_3/modules/events_front_end/controller/controller_fe.class.php
|events_front_end|response200
06/11/16 10:43:50 PM|ERROR: [8] Undefined variable: criteria
Notice on line 177 in file /var/www/html/Exercise_3/modules/events_front_end/controller/controller_fe.class.php
|events_front_end|response200
06/11/16 10:43:50 PM|ERROR: [8] Undefined variable: criteria
Notice on line 307 in file /var/www/html/Exercise_3/modules/events_front_end/controller/controller_fe.class.php
|events_front_end|response200
06/11/16 10:45:15 PM|ERROR: [8] Undefined variable: criteria
Notice on line 177 in file /var/www/html/Exercise_3/modules/events_front_end/controller/controller_fe.class.php
|events_front_end|response200
06/11/16 10:45:15 PM|ERROR: [8] Undefined variable: criteria
Notice on line 307 in file /var/www/html/Exercise_3/modules/events_front_end/controller/controller_fe.class.php
|events_front_end|response200
06/11/16 10:51:00 PM|ERROR: [8] Undefined variable: criteria
Notice on line 177 in file /var/www/html/Exercise_3/modules/events_front_end/controller/controller_fe.class.php
|events_front_end|response200
06/11/16 10:51:00 PM|ERROR: [8] Undefined variable: criteria
Notice on line 307 in file /var/www/html/Exercise_3/modules/events_front_end/controller/controller_fe.class.php
|events_front_end|response200
06/11/16 10:51:36 PM|ERROR: [8] Undefined variable: criteria
Notice on line 177 in file /var/www/html/Exercise_3/modules/events_front_end/controller/controller_fe.class.php
|events_front_end|response200
06/11/16 10:51:36 PM|ERROR: [8] Undefined variable: criteria
Notice on line 307 in file /var/www/html/Exercise_3/modules/events_front_end/controller/controller_fe.class.php
|events_front_end|response200
